0 info it worked if it ends with ok
1 verbose cli [ 'node', '/usr/bin/npm', 'publish' ]
2 info using npm@3.3.12
3 info using node@v0.10.22
4 verbose node symlink /usr/bin/node
5 verbose publish [ '.' ]
6 verbose stack Error: Failed to parse json
6 verbose stack Trailing comma in object at 26:1
6 verbose stack }
6 verbose stack ^
6 verbose stack     at parseError (/usr/lib/node_modules/npm/node_modules/read-package-json/read-json.js:379:11)
6 verbose stack     at parseJson (/usr/lib/node_modules/npm/node_modules/read-package-json/read-json.js:68:23)
6 verbose stack     at /usr/lib/node_modules/npm/node_modules/read-package-json/read-json.js:48:5
6 verbose stack     at /usr/lib/node_modules/npm/node_modules/graceful-fs/graceful-fs.js:76:16
6 verbose stack     at fs.js:266:14
6 verbose stack     at /usr/lib/node_modules/npm/node_modules/graceful-fs/graceful-fs.js:42:10
6 verbose stack     at Object.oncomplete (fs.js:107:15)
7 verbose cwd /Users/craigtaub/Documents/javascript/snapandcompare
8 error Darwin 13.4.0
9 error argv "node" "/usr/bin/npm" "publish"
10 error node v0.10.22
11 error npm  v3.3.12
12 error file /Users/craigtaub/Documents/javascript/snapandcompare/package.json
13 error code EJSONPARSE
14 error Failed to parse json
14 error Trailing comma in object at 26:1
14 error }
14 error ^
15 error File: /Users/craigtaub/Documents/javascript/snapandcompare/package.json
16 error Failed to parse package.json data.
16 error package.json must be actual JSON, not just JavaScript.
16 error
16 error This is not a bug in npm.
16 error Tell the package author to fix their package.json file. JSON.parse
17 verbose exit [ 1, true ]
